Arguments: 
  /usr/local/bin/node /usr/local/Cellar/yarn/1.22.4/libexec/bin/yarn.js run --silent husky-run pre-commit

PATH: 
  /usr/local/Cellar/git/2.26.0/libexec/git-core:/Users/michaelzamudio/.pyenv/shims:/usr/local/opt/python/libexec/bin:/Library/Frameworks/Python.framework/Versions/3.8/bin:/Users/michaelzamudio/.rvm/gems/ruby-2.6.1/bin:/Users/michaelzamudio/.rvm/gems/ruby-2.6.1@global/bin:/Users/michaelzamudio/.rvm/rubies/ruby-2.6.1/bin:/Applications/Postgres.app/Contents/Versions/latest/bin:/usr/local:/usr/local/bin:/usr/local/sbin:/usr/bin:/usr/bin:/bin:/usr/sbin:/sbin:/usr/local/bin:/Users/michaelzamudio/.rvm/bin

Yarn version: 
  1.22.4

Node version: 
  12.16.2

Platform: 
  darwin x64

Trace: 
  SyntaxError: /Users/michaelzamudio/Development/code/portfolio-site/package.json: Unexpected token / in JSON at position 1862
      at JSON.parse (<anonymous>)
      at /usr/local/Cellar/yarn/1.22.4/libexec/lib/cli.js:1625:59
      at Generator.next (<anonymous>)
      at step (/usr/local/Cellar/yarn/1.22.4/libexec/lib/cli.js:310:30)
      at /usr/local/Cellar/yarn/1.22.4/libexec/lib/cli.js:321:13

npm manifest: 
  {
    "name": "gatsby-starter-hello-world",
    "private": true,
    "description": "A simplified bare-bones starter for Gatsby",
    "version": "0.1.0",
    "license": "MIT",
    "scripts": {
      "build": "gatsby build",
      "develop": "gatsby develop",
      "format": "prettier --write \"**/*.{js,jsx,json,md}\"",
      "start": "npm run develop",
      "serve": "gatsby serve",
      "clean": "gatsby clean",
      "test": "echo \"Write tests! -> https://gatsby.dev/unit-testing\" && exit 1"
    },
    "dependencies": {
      "bootstrap": "^4.4.1",
      "gatsby": "^2.19.5",
      "gatsby-image": "^2.2.39",
      "gatsby-plugin-manifest": "^2.2.38",
      "gatsby-plugin-offline": "^3.0.32",
      "gatsby-plugin-react-helmet": "^3.1.21",
      "gatsby-plugin-sass": "^2.1.27",
      "gatsby-plugin-sharp": "^2.4.0",
      "gatsby-plugin-use-dark-mode": "^1.1.2",
      "gatsby-source-filesystem": "^2.1.46",
      "gatsby-transformer-sharp": "^2.3.13",
      "node-sass": "^4.13.1",
      "prop-types": "^15.7.2",
      "react": "^16.12.0",
      "react-bootstrap": "^1.0.0-beta.16",
      "react-dom": "^16.12.0",
      "react-github-btn": "^1.1.1",
      "react-helmet": "^5.2.1",
      "react-reveal": "^1.2.2",
      "react-tilt": "^0.1.4",
      "use-dark-mode": "^2.3.1",
      "uuid": "^3.4.0"
    },
    "devDependencies": {
      "babel-eslint": "^10.0.3",
      "eslint": "^6.8.0",
      "eslint-config-airbnb": "^18.0.1",
      "eslint-config-prettier": "^6.9.0",
      "eslint-plugin-import": "^2.20.0",
      "eslint-plugin-jsx-a11y": "^6.2.3",
      "eslint-plugin-prettier": "^3.1.2",
      "eslint-plugin-react": "^7.18.0",
      "eslint-plugin-react-hooks": "^2.3.0",
      "husky": "^4.2.1",
      "lint-staged": "^10.0.2",
      "prettier": "^1.19.1"
    },
    "repository": {
      "type": "git",
      "url": "git+{https://github.com/zamudio/portfolio-site}"
    },
    "bugs": {
      "url": "https://github.com/gatsbyjs/gatsby/issues"
    },
    // "husky": {
    //   "hooks": {
    //     "pre-commit": "lint-staged"
    //   }
    // },
    "lint-staged": {
      "*.+(js|jsx)": [
        "eslint --fix",
        "git add"
      ],
      "*.+(json|css|md)": [
        "prettier --write",
        "git add"
      ]
    }
  }

yarn manifest: 
  No manifest

Lockfile: 
  No lockfile
